  workManager.cpp
C:\Users\Lenovo\source\repos\职工管理系统\职工管理系统\workManager.cpp(1,9): warning C4067: 预处理器指令后有意外标记 - 应输入换行符
C:\Users\Lenovo\source\repos\职工管理系统\职工管理系统\workManager.cpp(3,9): warning C4067: 预处理器指令后有意外标记 - 应输入换行符
C:\Users\Lenovo\source\repos\职工管理系统\职工管理系统\workManager.h(2,9): warning C4067: 预处理器指令后有意外标记 - 应输入换行符
  (编译源文件“workManager.cpp”)
  
C:\Users\Lenovo\source\repos\职工管理系统\职工管理系统\worker.h(2,9): warning C4067: 预处理器指令后有意外标记 - 应输入换行符
  (编译源文件“workManager.cpp”)
  
C:\Users\Lenovo\source\repos\职工管理系统\职工管理系统\workManager.h(5,9): warning C4067: 预处理器指令后有意外标记 - 应输入换行符
  (编译源文件“workManager.cpp”)
  
C:\Users\Lenovo\source\repos\职工管理系统\职工管理系统\workManager.cpp(4,9): warning C4067: 预处理器指令后有意外标记 - 应输入换行符
C:\Users\Lenovo\source\repos\职工管理系统\职工管理系统\employee.h(2,9): warning C4067: 预处理器指令后有意外标记 - 应输入换行符
  (编译源文件“workManager.cpp”)
  
C:\Users\Lenovo\source\repos\职工管理系统\职工管理系统\employee.h(4,9): warning C4067: 预处理器指令后有意外标记 - 应输入换行符
  (编译源文件“workManager.cpp”)
  
C:\Users\Lenovo\source\repos\职工管理系统\职工管理系统\workManager.cpp(5,9): warning C4067: 预处理器指令后有意外标记 - 应输入换行符
C:\Users\Lenovo\source\repos\职工管理系统\职工管理系统\employer.h(2,9): warning C4067: 预处理器指令后有意外标记 - 应输入换行符
  (编译源文件“workManager.cpp”)
  
C:\Users\Lenovo\source\repos\职工管理系统\职工管理系统\employer.h(4,9): warning C4067: 预处理器指令后有意外标记 - 应输入换行符
  (编译源文件“workManager.cpp”)
  
C:\Users\Lenovo\source\repos\职工管理系统\职工管理系统\workManager.cpp(6,9): warning C4067: 预处理器指令后有意外标记 - 应输入换行符
C:\Users\Lenovo\source\repos\职工管理系统\职工管理系统\boss.h(2,9): warning C4067: 预处理器指令后有意外标记 - 应输入换行符
  (编译源文件“workManager.cpp”)
  
C:\Users\Lenovo\source\repos\职工管理系统\职工管理系统\boss.h(4,9): warning C4067: 预处理器指令后有意外标记 - 应输入换行符
  (编译源文件“workManager.cpp”)
  
  职工管理系统.vcxproj -> C:\Users\Lenovo\source\repos\职工管理系统\Debug\职工管理系统.exe
